{"total": {"lines":{"total":1974,"covered":1592,"skipped":0,"pct":80.64},"statements":{"total":2248,"covered":1715,"skipped":0,"pct":76.29},"functions":{"total":580,"covered":429,"skipped":0,"pct":73.96},"branches":{"total":1383,"covered":946,"skipped":0,"pct":68.4},"branchesTrue":{"total":0,"covered":0,"skipped":0,"pct":100}}
,"/home/runner/work/doctime-api/doctime-api/src/app.ts": {"lines":{"total":42,"covered":33,"skipped":0,"pct":78.57},"functions":{"total":11,"covered":2,"skipped":0,"pct":18.18},"statements":{"total":48,"covered":33,"skipped":0,"pct":68.75},"branches":{"total":18,"covered":10,"skipped":0,"pct":55.55}}
,"/home/runner/work/doctime-api/doctime-api/src/index.d.ts": {"lines":{"total":0,"covered":0,"skipped":0,"pct":100},"functions":{"total":0,"covered":0,"skipped":0,"pct":100},"statements":{"total":0,"covered":0,"skipped":0,"pct":100},"branches":{"total":0,"covered":0,"skipped":0,"pct":100}}
,"/home/runner/work/doctime-api/doctime-api/src/config/app.config.ts": {"lines":{"total":17,"covered":16,"skipped":0,"pct":94.11},"functions":{"total":2,"covered":2,"skipped":0,"pct":100},"statements":{"total":17,"covered":16,"skipped":0,"pct":94.11},"branches":{"total":2,"covered":1,"skipped":0,"pct":50}}
,"/home/runner/work/doctime-api/doctime-api/src/config/mail.config.ts": {"lines":{"total":9,"covered":9,"skipped":0,"pct":100},"functions":{"total":1,"covered":1,"skipped":0,"pct":100},"statements":{"total":9,"covered":9,"skipped":0,"pct":100},"branches":{"total":4,"covered":3,"skipped":0,"pct":75}}
,"/home/runner/work/doctime-api/doctime-api/src/config/templates.config.ts": {"lines":{"total":3,"covered":3,"skipped":0,"pct":100},"functions":{"total":0,"covered":0,"skipped":0,"pct":100},"statements":{"total":3,"covered":3,"skipped":0,"pct":100},"branches":{"total":0,"covered":0,"skipped":0,"pct":100}}
,"/home/runner/work/doctime-api/doctime-api/src/decorators/api.decorator.ts": {"lines":{"total":35,"covered":31,"skipped":0,"pct":88.57},"functions":{"total":13,"covered":12,"skipped":0,"pct":92.3},"statements":{"total":41,"covered":34,"skipped":0,"pct":82.92},"branches":{"total":32,"covered":25,"skipped":0,"pct":78.12}}
,"/home/runner/work/doctime-api/doctime-api/src/decorators/auth.decorator.ts": {"lines":{"total":40,"covered":37,"skipped":0,"pct":92.5},"functions":{"total":14,"covered":13,"skipped":0,"pct":92.85},"statements":{"total":45,"covered":39,"skipped":0,"pct":86.66},"branches":{"total":36,"covered":31,"skipped":0,"pct":86.11}}
,"/home/runner/work/doctime-api/doctime-api/src/facades/auth.facade.ts": {"lines":{"total":6,"covered":6,"skipped":0,"pct":100},"functions":{"total":2,"covered":2,"skipped":0,"pct":100},"statements":{"total":6,"covered":6,"skipped":0,"pct":100},"branches":{"total":0,"covered":0,"skipped":0,"pct":100}}
,"/home/runner/work/doctime-api/doctime-api/src/messager/account-deleted.mailer.ts": {"lines":{"total":17,"covered":6,"skipped":0,"pct":35.29},"functions":{"total":10,"covered":0,"skipped":0,"pct":0},"statements":{"total":22,"covered":6,"skipped":0,"pct":27.27},"branches":{"total":11,"covered":3,"skipped":0,"pct":27.27}}
,"/home/runner/work/doctime-api/doctime-api/src/messager/confirm-deleting.mailer.ts": {"lines":{"total":17,"covered":16,"skipped":0,"pct":94.11},"functions":{"total":10,"covered":8,"skipped":0,"pct":80},"statements":{"total":22,"covered":17,"skipped":0,"pct":77.27},"branches":{"total":11,"covered":10,"skipped":0,"pct":90.9}}
,"/home/runner/work/doctime-api/doctime-api/src/messager/index.mailer.ts": {"lines":{"total":31,"covered":26,"skipped":0,"pct":83.87},"functions":{"total":17,"covered":11,"skipped":0,"pct":64.7},"statements":{"total":36,"covered":27,"skipped":0,"pct":75},"branches":{"total":26,"covered":22,"skipped":0,"pct":84.61}}
,"/home/runner/work/doctime-api/doctime-api/src/messager/mfa-email.mailer.ts": {"lines":{"total":20,"covered":19,"skipped":0,"pct":95},"functions":{"total":11,"covered":9,"skipped":0,"pct":81.81},"statements":{"total":25,"covered":20,"skipped":0,"pct":80},"branches":{"total":18,"covered":16,"skipped":0,"pct":88.88}}
,"/home/runner/work/doctime-api/doctime-api/src/messager/mfa-sms.sms.ts": {"lines":{"total":20,"covered":9,"skipped":0,"pct":45},"functions":{"total":11,"covered":1,"skipped":0,"pct":9.09},"statements":{"total":25,"covered":9,"skipped":0,"pct":36},"branches":{"total":18,"covered":9,"skipped":0,"pct":50}}
,"/home/runner/work/doctime-api/doctime-api/src/messager/password-updated.mailer.ts": {"lines":{"total":17,"covered":6,"skipped":0,"pct":35.29},"functions":{"total":10,"covered":0,"skipped":0,"pct":0},"statements":{"total":22,"covered":6,"skipped":0,"pct":27.27},"branches":{"total":11,"covered":3,"skipped":0,"pct":27.27}}
,"/home/runner/work/doctime-api/doctime-api/src/messager/reset-password.mailer.ts": {"lines":{"total":17,"covered":16,"skipped":0,"pct":94.11},"functions":{"total":10,"covered":8,"skipped":0,"pct":80},"statements":{"total":22,"covered":17,"skipped":0,"pct":77.27},"branches":{"total":11,"covered":10,"skipped":0,"pct":90.9}}
,"/home/runner/work/doctime-api/doctime-api/src/messager/update-password.mailer.ts": {"lines":{"total":17,"covered":16,"skipped":0,"pct":94.11},"functions":{"total":10,"covered":8,"skipped":0,"pct":80},"statements":{"total":22,"covered":17,"skipped":0,"pct":77.27},"branches":{"total":11,"covered":10,"skipped":0,"pct":90.9}}
,"/home/runner/work/doctime-api/doctime-api/src/messager/verify-email.mailer.ts": {"lines":{"total":17,"covered":16,"skipped":0,"pct":94.11},"functions":{"total":10,"covered":8,"skipped":0,"pct":80},"statements":{"total":22,"covered":17,"skipped":0,"pct":77.27},"branches":{"total":11,"covered":10,"skipped":0,"pct":90.9}}
,"/home/runner/work/doctime-api/doctime-api/src/middlewares/jwt.middleware.ts": {"lines":{"total":49,"covered":44,"skipped":0,"pct":89.79},"functions":{"total":10,"covered":8,"skipped":0,"pct":80},"statements":{"total":61,"covered":54,"skipped":0,"pct":88.52},"branches":{"total":65,"covered":48,"skipped":0,"pct":73.84}}
,"/home/runner/work/doctime-api/doctime-api/src/middlewares/requireVerifiedEmail.middleware.ts": {"lines":{"total":30,"covered":23,"skipped":0,"pct":76.66},"functions":{"total":10,"covered":9,"skipped":0,"pct":90},"statements":{"total":35,"covered":25,"skipped":0,"pct":71.42},"branches":{"total":24,"covered":20,"skipped":0,"pct":83.33}}
,"/home/runner/work/doctime-api/doctime-api/src/middlewares/requireVerifiedPhone.middleware.ts": {"lines":{"total":30,"covered":23,"skipped":0,"pct":76.66},"functions":{"total":10,"covered":9,"skipped":0,"pct":90},"statements":{"total":35,"covered":25,"skipped":0,"pct":71.42},"branches":{"total":24,"covered":20,"skipped":0,"pct":83.33}}
,"/home/runner/work/doctime-api/doctime-api/src/middlewares/validateRequest.middleware.ts": {"lines":{"total":10,"covered":10,"skipped":0,"pct":100},"functions":{"total":4,"covered":4,"skipped":0,"pct":100},"statements":{"total":11,"covered":11,"skipped":0,"pct":100},"branches":{"total":0,"covered":0,"skipped":0,"pct":100}}
,"/home/runner/work/doctime-api/doctime-api/src/repositories/appointment.repo.ts": {"lines":{"total":91,"covered":77,"skipped":0,"pct":84.61},"functions":{"total":22,"covered":21,"skipped":0,"pct":95.45},"statements":{"total":106,"covered":87,"skipped":0,"pct":82.07},"branches":{"total":84,"covered":59,"skipped":0,"pct":70.23}}
,"/home/runner/work/doctime-api/doctime-api/src/repositories/auth.repo.ts": {"lines":{"total":274,"covered":215,"skipped":0,"pct":78.46},"functions":{"total":63,"covered":51,"skipped":0,"pct":80.95},"statements":{"total":292,"covered":224,"skipped":0,"pct":76.71},"branches":{"total":148,"covered":93,"skipped":0,"pct":62.83}}
,"/home/runner/work/doctime-api/doctime-api/src/repositories/doctor.repo.ts": {"lines":{"total":97,"covered":84,"skipped":0,"pct":86.59},"functions":{"total":23,"covered":22,"skipped":0,"pct":95.65},"statements":{"total":108,"covered":90,"skipped":0,"pct":83.33},"branches":{"total":83,"covered":61,"skipped":0,"pct":73.49}}
,"/home/runner/work/doctime-api/doctime-api/src/repositories/patient.repo.ts": {"lines":{"total":133,"covered":117,"skipped":0,"pct":87.96},"functions":{"total":30,"covered":29,"skipped":0,"pct":96.66},"statements":{"total":148,"covered":127,"skipped":0,"pct":85.81},"branches":{"total":104,"covered":77,"skipped":0,"pct":74.03}}
,"/home/runner/work/doctime-api/doctime-api/src/routes/v1/appointments.route.ts": {"lines":{"total":53,"covered":47,"skipped":0,"pct":88.67},"functions":{"total":18,"covered":16,"skipped":0,"pct":88.88},"statements":{"total":63,"covered":53,"skipped":0,"pct":84.12},"branches":{"total":28,"covered":22,"skipped":0,"pct":78.57}}
,"/home/runner/work/doctime-api/doctime-api/src/routes/v1/auth.route.ts": {"lines":{"total":120,"covered":95,"skipped":0,"pct":79.16},"functions":{"total":38,"covered":32,"skipped":0,"pct":84.21},"statements":{"total":140,"covered":109,"skipped":0,"pct":77.85},"branches":{"total":48,"covered":34,"skipped":0,"pct":70.83}}
,"/home/runner/work/doctime-api/doctime-api/src/routes/v1/doctors.route.ts": {"lines":{"total":60,"covered":53,"skipped":0,"pct":88.33},"functions":{"total":20,"covered":18,"skipped":0,"pct":90},"statements":{"total":71,"covered":60,"skipped":0,"pct":84.5},"branches":{"total":30,"covered":24,"skipped":0,"pct":80}}
,"/home/runner/work/doctime-api/doctime-api/src/routes/v1/index.ts": {"lines":{"total":89,"covered":45,"skipped":0,"pct":50.56},"functions":{"total":20,"covered":6,"skipped":0,"pct":30},"statements":{"total":102,"covered":46,"skipped":0,"pct":45.09},"branches":{"total":61,"covered":23,"skipped":0,"pct":37.7}}
,"/home/runner/work/doctime-api/doctime-api/src/routes/v1/patients.route.ts": {"lines":{"total":80,"covered":71,"skipped":0,"pct":88.75},"functions":{"total":26,"covered":24,"skipped":0,"pct":92.3},"statements":{"total":94,"covered":81,"skipped":0,"pct":86.17},"branches":{"total":36,"covered":27,"skipped":0,"pct":75}}
,"/home/runner/work/doctime-api/doctime-api/src/schemas/appointment/appointment.schema.d.ts": {"lines":{"total":0,"covered":0,"skipped":0,"pct":100},"functions":{"total":0,"covered":0,"skipped":0,"pct":100},"statements":{"total":0,"covered":0,"skipped":0,"pct":100},"branches":{"total":0,"covered":0,"skipped":0,"pct":100}}
,"/home/runner/work/doctime-api/doctime-api/src/schemas/appointment/appointment.schema.ts": {"lines":{"total":9,"covered":9,"skipped":0,"pct":100},"functions":{"total":0,"covered":0,"skipped":0,"pct":100},"statements":{"total":9,"covered":9,"skipped":0,"pct":100},"branches":{"total":0,"covered":0,"skipped":0,"pct":100}}
,"/home/runner/work/doctime-api/doctime-api/src/schemas/auth/auth.schema.d.ts": {"lines":{"total":0,"covered":0,"skipped":0,"pct":100},"functions":{"total":0,"covered":0,"skipped":0,"pct":100},"statements":{"total":0,"covered":0,"skipped":0,"pct":100},"branches":{"total":0,"covered":0,"skipped":0,"pct":100}}
,"/home/runner/work/doctime-api/doctime-api/src/schemas/auth/auth.schema.ts": {"lines":{"total":15,"covered":15,"skipped":0,"pct":100},"functions":{"total":1,"covered":1,"skipped":0,"pct":100},"statements":{"total":15,"covered":15,"skipped":0,"pct":100},"branches":{"total":0,"covered":0,"skipped":0,"pct":100}}
,"/home/runner/work/doctime-api/doctime-api/src/schemas/common/common.schema.ts": {"lines":{"total":4,"covered":4,"skipped":0,"pct":100},"functions":{"total":0,"covered":0,"skipped":0,"pct":100},"statements":{"total":4,"covered":4,"skipped":0,"pct":100},"branches":{"total":0,"covered":0,"skipped":0,"pct":100}}
,"/home/runner/work/doctime-api/doctime-api/src/schemas/doctor/doctor.schema.d.ts": {"lines":{"total":0,"covered":0,"skipped":0,"pct":100},"functions":{"total":0,"covered":0,"skipped":0,"pct":100},"statements":{"total":0,"covered":0,"skipped":0,"pct":100},"branches":{"total":0,"covered":0,"skipped":0,"pct":100}}
,"/home/runner/work/doctime-api/doctime-api/src/schemas/doctor/doctor.schema.ts": {"lines":{"total":13,"covered":10,"skipped":0,"pct":76.92},"functions":{"total":3,"covered":0,"skipped":0,"pct":0},"statements":{"total":13,"covered":10,"skipped":0,"pct":76.92},"branches":{"total":4,"covered":0,"skipped":0,"pct":0}}
,"/home/runner/work/doctime-api/doctime-api/src/schemas/patient/patient.schema.d.ts": {"lines":{"total":0,"covered":0,"skipped":0,"pct":100},"functions":{"total":0,"covered":0,"skipped":0,"pct":100},"statements":{"total":0,"covered":0,"skipped":0,"pct":100},"branches":{"total":0,"covered":0,"skipped":0,"pct":100}}
,"/home/runner/work/doctime-api/doctime-api/src/schemas/patient/patient.schema.ts": {"lines":{"total":14,"covered":12,"skipped":0,"pct":85.71},"functions":{"total":3,"covered":1,"skipped":0,"pct":33.33},"statements":{"total":14,"covered":12,"skipped":0,"pct":85.71},"branches":{"total":0,"covered":0,"skipped":0,"pct":100}}
,"/home/runner/work/doctime-api/doctime-api/src/services/handlebars.service.ts": {"lines":{"total":80,"covered":76,"skipped":0,"pct":95},"functions":{"total":22,"covered":21,"skipped":0,"pct":95.45},"statements":{"total":85,"covered":78,"skipped":0,"pct":91.76},"branches":{"total":38,"covered":33,"skipped":0,"pct":86.84}}
,"/home/runner/work/doctime-api/doctime-api/src/services/mail.service.ts": {"lines":{"total":61,"covered":34,"skipped":0,"pct":55.73},"functions":{"total":22,"covered":13,"skipped":0,"pct":59.09},"statements":{"total":73,"covered":36,"skipped":0,"pct":49.31},"branches":{"total":67,"covered":37,"skipped":0,"pct":55.22}}
,"/home/runner/work/doctime-api/doctime-api/src/services/prisma.service.ts": {"lines":{"total":13,"covered":8,"skipped":0,"pct":61.53},"functions":{"total":0,"covered":0,"skipped":0,"pct":100},"statements":{"total":13,"covered":8,"skipped":0,"pct":61.53},"branches":{"total":6,"covered":2,"skipped":0,"pct":33.33}}
,"/home/runner/work/doctime-api/doctime-api/src/services/sms.service.ts": {"lines":{"total":20,"covered":6,"skipped":0,"pct":30},"functions":{"total":9,"covered":0,"skipped":0,"pct":0},"statements":{"total":25,"covered":6,"skipped":0,"pct":24},"branches":{"total":11,"covered":3,"skipped":0,"pct":27.27}}
,"/home/runner/work/doctime-api/doctime-api/src/types/appointment.d.ts": {"lines":{"total":0,"covered":0,"skipped":0,"pct":100},"functions":{"total":0,"covered":0,"skipped":0,"pct":100},"statements":{"total":0,"covered":0,"skipped":0,"pct":100},"branches":{"total":0,"covered":0,"skipped":0,"pct":100}}
,"/home/runner/work/doctime-api/doctime-api/src/types/auth.d.ts": {"lines":{"total":0,"covered":0,"skipped":0,"pct":100},"functions":{"total":0,"covered":0,"skipped":0,"pct":100},"statements":{"total":0,"covered":0,"skipped":0,"pct":100},"branches":{"total":0,"covered":0,"skipped":0,"pct":100}}
,"/home/runner/work/doctime-api/doctime-api/src/types/doctor.d.ts": {"lines":{"total":0,"covered":0,"skipped":0,"pct":100},"functions":{"total":0,"covered":0,"skipped":0,"pct":100},"statements":{"total":0,"covered":0,"skipped":0,"pct":100},"branches":{"total":0,"covered":0,"skipped":0,"pct":100}}
,"/home/runner/work/doctime-api/doctime-api/src/types/patient.d.ts": {"lines":{"total":0,"covered":0,"skipped":0,"pct":100},"functions":{"total":0,"covered":0,"skipped":0,"pct":100},"statements":{"total":0,"covered":0,"skipped":0,"pct":100},"branches":{"total":0,"covered":0,"skipped":0,"pct":100}}
,"/home/runner/work/doctime-api/doctime-api/src/utils/HTTPStatusCodes.ts": {"lines":{"total":64,"covered":64,"skipped":0,"pct":100},"functions":{"total":1,"covered":1,"skipped":0,"pct":100},"statements":{"total":64,"covered":64,"skipped":0,"pct":100},"branches":{"total":2,"covered":2,"skipped":0,"pct":100}}
,"/home/runner/work/doctime-api/doctime-api/src/utils/geo.ts": {"lines":{"total":14,"covered":0,"skipped":0,"pct":0},"functions":{"total":2,"covered":0,"skipped":0,"pct":0},"statements":{"total":14,"covered":0,"skipped":0,"pct":0},"branches":{"total":0,"covered":0,"skipped":0,"pct":100}}
,"/home/runner/work/doctime-api/doctime-api/src/utils/helpers.ts": {"lines":{"total":24,"covered":21,"skipped":0,"pct":87.5},"functions":{"total":11,"covered":9,"skipped":0,"pct":81.81},"statements":{"total":30,"covered":23,"skipped":0,"pct":76.66},"branches":{"total":17,"covered":14,"skipped":0,"pct":82.35}}
,"/home/runner/work/doctime-api/doctime-api/src/utils/jwtHandler.ts": {"lines":{"total":19,"covered":17,"skipped":0,"pct":89.47},"functions":{"total":5,"covered":3,"skipped":0,"pct":60},"statements":{"total":19,"covered":17,"skipped":0,"pct":89.47},"branches":{"total":7,"covered":7,"skipped":0,"pct":100}}
,"/home/runner/work/doctime-api/doctime-api/src/utils/mailerUtils.ts": {"lines":{"total":38,"covered":35,"skipped":0,"pct":92.1},"functions":{"total":10,"covered":8,"skipped":0,"pct":80},"statements":{"total":46,"covered":41,"skipped":0,"pct":89.13},"branches":{"total":66,"covered":48,"skipped":0,"pct":72.72}}
,"/home/runner/work/doctime-api/doctime-api/src/utils/otpHandler.ts": {"lines":{"total":54,"covered":37,"skipped":0,"pct":68.51},"functions":{"total":18,"covered":12,"skipped":0,"pct":66.66},"statements":{"total":67,"covered":41,"skipped":0,"pct":61.19},"branches":{"total":59,"covered":34,"skipped":0,"pct":57.62}}
,"/home/runner/work/doctime-api/doctime-api/src/utils/parsers.ts": {"lines":{"total":14,"covered":13,"skipped":0,"pct":92.85},"functions":{"total":6,"covered":5,"skipped":0,"pct":83.33},"statements":{"total":14,"covered":13,"skipped":0,"pct":92.85},"branches":{"total":72,"covered":38,"skipped":0,"pct":52.77}}
,"/home/runner/work/doctime-api/doctime-api/src/utils/responseHandler.ts": {"lines":{"total":27,"covered":18,"skipped":0,"pct":66.66},"functions":{"total":13,"covered":6,"skipped":0,"pct":46.15},"statements":{"total":27,"covered":18,"skipped":0,"pct":66.66},"branches":{"total":13,"covered":6,"skipped":0,"pct":46.15}}
,"/home/runner/work/doctime-api/doctime-api/src/utils/truncateDB.ts": {"lines":{"total":25,"covered":22,"skipped":0,"pct":88},"functions":{"total":11,"covered":10,"skipped":0,"pct":90.9},"statements":{"total":31,"covered":25,"skipped":0,"pct":80.64},"branches":{"total":22,"covered":20,"skipped":0,"pct":90.9}}
,"/home/runner/work/doctime-api/doctime-api/src/utils/winston.ts": {"lines":{"total":25,"covered":22,"skipped":0,"pct":88},"functions":{"total":7,"covered":5,"skipped":0,"pct":71.42},"statements":{"total":32,"covered":27,"skipped":0,"pct":84.37},"branches":{"total":44,"covered":31,"skipped":0,"pct":70.45}}
}
