{"total": {"lines":{"total":705,"covered":451,"skipped":0,"pct":63.97},"statements":{"total":774,"covered":473,"skipped":0,"pct":61.11},"functions":{"total":208,"covered":85,"skipped":0,"pct":40.86},"branches":{"total":313,"covered":195,"skipped":0,"pct":62.3},"branchesTrue":{"total":0,"covered":0,"skipped":0,"pct":100}}
,"C:\\Users\\mehdi\\Documents\\dev\\doctime\\doctime-api\\src\\app.ts": {"lines":{"total":37,"covered":28,"skipped":0,"pct":75.67},"functions":{"total":11,"covered":2,"skipped":0,"pct":18.18},"statements":{"total":43,"covered":28,"skipped":0,"pct":65.11},"branches":{"total":18,"covered":10,"skipped":0,"pct":55.55}}
,"C:\\Users\\mehdi\\Documents\\dev\\doctime\\doctime-api\\src\\index.d.ts": {"lines":{"total":0,"covered":0,"skipped":0,"pct":100},"functions":{"total":0,"covered":0,"skipped":0,"pct":100},"statements":{"total":0,"covered":0,"skipped":0,"pct":100},"branches":{"total":0,"covered":0,"skipped":0,"pct":100}}
,"C:\\Users\\mehdi\\Documents\\dev\\doctime\\doctime-api\\src\\server.ts": {"lines":{"total":9,"covered":0,"skipped":0,"pct":0},"functions":{"total":2,"covered":0,"skipped":0,"pct":0},"statements":{"total":9,"covered":0,"skipped":0,"pct":0},"branches":{"total":7,"covered":0,"skipped":0,"pct":0}}
,"C:\\Users\\mehdi\\Documents\\dev\\doctime\\doctime-api\\src\\config\\app.config.ts": {"lines":{"total":7,"covered":7,"skipped":0,"pct":100},"functions":{"total":1,"covered":1,"skipped":0,"pct":100},"statements":{"total":7,"covered":7,"skipped":0,"pct":100},"branches":{"total":0,"covered":0,"skipped":0,"pct":100}}
,"C:\\Users\\mehdi\\Documents\\dev\\doctime\\doctime-api\\src\\config\\mail.config.ts": {"lines":{"total":5,"covered":5,"skipped":0,"pct":100},"functions":{"total":0,"covered":0,"skipped":0,"pct":100},"statements":{"total":5,"covered":5,"skipped":0,"pct":100},"branches":{"total":0,"covered":0,"skipped":0,"pct":100}}
,"C:\\Users\\mehdi\\Documents\\dev\\doctime\\doctime-api\\src\\middlewares\\jwt.middleware.ts": {"lines":{"total":37,"covered":32,"skipped":0,"pct":86.48},"functions":{"total":8,"covered":6,"skipped":0,"pct":75},"statements":{"total":44,"covered":37,"skipped":0,"pct":84.09},"branches":{"total":43,"covered":31,"skipped":0,"pct":72.09}}
,"C:\\Users\\mehdi\\Documents\\dev\\doctime\\doctime-api\\src\\middlewares\\validateRequest.middleware.ts": {"lines":{"total":10,"covered":7,"skipped":0,"pct":70},"functions":{"total":4,"covered":2,"skipped":0,"pct":50},"statements":{"total":11,"covered":7,"skipped":0,"pct":63.63},"branches":{"total":0,"covered":0,"skipped":0,"pct":100}}
,"C:\\Users\\mehdi\\Documents\\dev\\doctime\\doctime-api\\src\\repositories\\appointment.repo.ts": {"lines":{"total":29,"covered":0,"skipped":0,"pct":0},"functions":{"total":17,"covered":0,"skipped":0,"pct":0},"statements":{"total":34,"covered":0,"skipped":0,"pct":0},"branches":{"total":11,"covered":0,"skipped":0,"pct":0}}
,"C:\\Users\\mehdi\\Documents\\dev\\doctime\\doctime-api\\src\\repositories\\auth.repo.ts": {"lines":{"total":143,"covered":79,"skipped":0,"pct":55.24},"functions":{"total":24,"covered":17,"skipped":0,"pct":70.83},"statements":{"total":148,"covered":81,"skipped":0,"pct":54.72},"branches":{"total":44,"covered":29,"skipped":0,"pct":65.9}}
,"C:\\Users\\mehdi\\Documents\\dev\\doctime\\doctime-api\\src\\repositories\\doctor.repo.ts": {"lines":{"total":37,"covered":0,"skipped":0,"pct":0},"functions":{"total":21,"covered":0,"skipped":0,"pct":0},"statements":{"total":42,"covered":0,"skipped":0,"pct":0},"branches":{"total":11,"covered":0,"skipped":0,"pct":0}}
,"C:\\Users\\mehdi\\Documents\\dev\\doctime\\doctime-api\\src\\repositories\\patient.repo.ts": {"lines":{"total":33,"covered":0,"skipped":0,"pct":0},"functions":{"total":19,"covered":0,"skipped":0,"pct":0},"statements":{"total":38,"covered":0,"skipped":0,"pct":0},"branches":{"total":11,"covered":0,"skipped":0,"pct":0}}
,"C:\\Users\\mehdi\\Documents\\dev\\doctime\\doctime-api\\src\\routes\\v1\\appointments.route.ts": {"lines":{"total":9,"covered":9,"skipped":0,"pct":100},"functions":{"total":5,"covered":0,"skipped":0,"pct":0},"statements":{"total":9,"covered":9,"skipped":0,"pct":100},"branches":{"total":0,"covered":0,"skipped":0,"pct":100}}
,"C:\\Users\\mehdi\\Documents\\dev\\doctime\\doctime-api\\src\\routes\\v1\\auth.route.ts": {"lines":{"total":67,"covered":44,"skipped":0,"pct":65.67},"functions":{"total":22,"covered":14,"skipped":0,"pct":63.63},"statements":{"total":79,"covered":49,"skipped":0,"pct":62.02},"branches":{"total":32,"covered":21,"skipped":0,"pct":65.62}}
,"C:\\Users\\mehdi\\Documents\\dev\\doctime\\doctime-api\\src\\routes\\v1\\doctors.route.ts": {"lines":{"total":10,"covered":10,"skipped":0,"pct":100},"functions":{"total":6,"covered":0,"skipped":0,"pct":0},"statements":{"total":10,"covered":10,"skipped":0,"pct":100},"branches":{"total":0,"covered":0,"skipped":0,"pct":100}}
,"C:\\Users\\mehdi\\Documents\\dev\\doctime\\doctime-api\\src\\routes\\v1\\index.ts": {"lines":{"total":23,"covered":23,"skipped":0,"pct":100},"functions":{"total":3,"covered":3,"skipped":0,"pct":100},"statements":{"total":23,"covered":23,"skipped":0,"pct":100},"branches":{"total":7,"covered":6,"skipped":0,"pct":85.71}}
,"C:\\Users\\mehdi\\Documents\\dev\\doctime\\doctime-api\\src\\routes\\v1\\patients.route.ts": {"lines":{"total":10,"covered":10,"skipped":0,"pct":100},"functions":{"total":6,"covered":0,"skipped":0,"pct":0},"statements":{"total":10,"covered":10,"skipped":0,"pct":100},"branches":{"total":0,"covered":0,"skipped":0,"pct":100}}
,"C:\\Users\\mehdi\\Documents\\dev\\doctime\\doctime-api\\src\\schemas\\auth.schema.ts": {"lines":{"total":11,"covered":11,"skipped":0,"pct":100},"functions":{"total":1,"covered":1,"skipped":0,"pct":100},"statements":{"total":11,"covered":11,"skipped":0,"pct":100},"branches":{"total":0,"covered":0,"skipped":0,"pct":100}}
,"C:\\Users\\mehdi\\Documents\\dev\\doctime\\doctime-api\\src\\services\\mail.service.ts": {"lines":{"total":17,"covered":16,"skipped":0,"pct":94.11},"functions":{"total":10,"covered":8,"skipped":0,"pct":80},"statements":{"total":22,"covered":17,"skipped":0,"pct":77.27},"branches":{"total":18,"covered":17,"skipped":0,"pct":94.44}}
,"C:\\Users\\mehdi\\Documents\\dev\\doctime\\doctime-api\\src\\services\\prisma.service.ts": {"lines":{"total":13,"covered":8,"skipped":0,"pct":61.53},"functions":{"total":0,"covered":0,"skipped":0,"pct":100},"statements":{"total":13,"covered":8,"skipped":0,"pct":61.53},"branches":{"total":6,"covered":2,"skipped":0,"pct":33.33}}
,"C:\\Users\\mehdi\\Documents\\dev\\doctime\\doctime-api\\src\\services\\sessionStorage.service.ts": {"lines":{"total":18,"covered":0,"skipped":0,"pct":0},"functions":{"total":5,"covered":0,"skipped":0,"pct":0},"statements":{"total":18,"covered":0,"skipped":0,"pct":0},"branches":{"total":0,"covered":0,"skipped":0,"pct":100}}
,"C:\\Users\\mehdi\\Documents\\dev\\doctime\\doctime-api\\src\\utils\\HTTPStatusCodes.ts": {"lines":{"total":64,"covered":64,"skipped":0,"pct":100},"functions":{"total":1,"covered":1,"skipped":0,"pct":100},"statements":{"total":64,"covered":64,"skipped":0,"pct":100},"branches":{"total":2,"covered":2,"skipped":0,"pct":100}}
,"C:\\Users\\mehdi\\Documents\\dev\\doctime\\doctime-api\\src\\utils\\ResponseHandler.ts": {"lines":{"total":16,"covered":11,"skipped":0,"pct":68.75},"functions":{"total":8,"covered":3,"skipped":0,"pct":37.5},"statements":{"total":16,"covered":11,"skipped":0,"pct":68.75},"branches":{"total":13,"covered":6,"skipped":0,"pct":46.15}}
,"C:\\Users\\mehdi\\Documents\\dev\\doctime\\doctime-api\\src\\utils\\herlpers.ts": {"lines":{"total":24,"covered":19,"skipped":0,"pct":79.16},"functions":{"total":11,"covered":9,"skipped":0,"pct":81.81},"statements":{"total":30,"covered":21,"skipped":0,"pct":70},"branches":{"total":17,"covered":13,"skipped":0,"pct":76.47}}
,"C:\\Users\\mehdi\\Documents\\dev\\doctime\\doctime-api\\src\\utils\\jwtHandler.ts": {"lines":{"total":19,"covered":17,"skipped":0,"pct":89.47},"functions":{"total":5,"covered":3,"skipped":0,"pct":60},"statements":{"total":19,"covered":17,"skipped":0,"pct":89.47},"branches":{"total":7,"covered":7,"skipped":0,"pct":100}}
,"C:\\Users\\mehdi\\Documents\\dev\\doctime\\doctime-api\\src\\utils\\mailerUtils.ts": {"lines":{"total":7,"covered":7,"skipped":0,"pct":100},"functions":{"total":1,"covered":1,"skipped":0,"pct":100},"statements":{"total":7,"covered":7,"skipped":0,"pct":100},"branches":{"total":0,"covered":0,"skipped":0,"pct":100}}
,"C:\\Users\\mehdi\\Documents\\dev\\doctime\\doctime-api\\src\\utils\\truncateDB.ts": {"lines":{"total":25,"covered":22,"skipped":0,"pct":88},"functions":{"total":10,"covered":9,"skipped":0,"pct":90},"statements":{"total":30,"covered":24,"skipped":0,"pct":80},"branches":{"total":22,"covered":20,"skipped":0,"pct":90.9}}
,"C:\\Users\\mehdi\\Documents\\dev\\doctime\\doctime-api\\src\\utils\\winston.ts": {"lines":{"total":25,"covered":22,"skipped":0,"pct":88},"functions":{"total":7,"covered":5,"skipped":0,"pct":71.42},"statements":{"total":32,"covered":27,"skipped":0,"pct":84.37},"branches":{"total":44,"covered":31,"skipped":0,"pct":70.45}}
}
