{"total": {"lines":{"total":603,"covered":309,"skipped":0,"pct":51.24},"statements":{"total":659,"covered":319,"skipped":0,"pct":48.4},"functions":{"total":182,"covered":47,"skipped":0,"pct":25.82},"branches":{"total":243,"covered":120,"skipped":0,"pct":49.38},"branchesTrue":{"total":0,"covered":0,"skipped":0,"pct":100}}
,"C:\\Users\\mehdi\\Documents\\dev\\doctime\\doctime-api\\src\\app.ts": {"lines":{"total":36,"covered":28,"skipped":0,"pct":77.77},"functions":{"total":11,"covered":2,"skipped":0,"pct":18.18},"statements":{"total":42,"covered":28,"skipped":0,"pct":66.66},"branches":{"total":18,"covered":10,"skipped":0,"pct":55.55}}
,"C:\\Users\\mehdi\\Documents\\dev\\doctime\\doctime-api\\src\\server.ts": {"lines":{"total":9,"covered":0,"skipped":0,"pct":0},"functions":{"total":2,"covered":0,"skipped":0,"pct":0},"statements":{"total":9,"covered":0,"skipped":0,"pct":0},"branches":{"total":7,"covered":0,"skipped":0,"pct":0}}
,"C:\\Users\\mehdi\\Documents\\dev\\doctime\\doctime-api\\src\\config\\app.config.ts": {"lines":{"total":5,"covered":5,"skipped":0,"pct":100},"functions":{"total":1,"covered":1,"skipped":0,"pct":100},"statements":{"total":5,"covered":5,"skipped":0,"pct":100},"branches":{"total":0,"covered":0,"skipped":0,"pct":100}}
,"C:\\Users\\mehdi\\Documents\\dev\\doctime\\doctime-api\\src\\middlewares\\jwt.middleware.ts": {"lines":{"total":37,"covered":19,"skipped":0,"pct":51.35},"functions":{"total":8,"covered":3,"skipped":0,"pct":37.5},"statements":{"total":44,"covered":23,"skipped":0,"pct":52.27},"branches":{"total":43,"covered":24,"skipped":0,"pct":55.81}}
,"C:\\Users\\mehdi\\Documents\\dev\\doctime\\doctime-api\\src\\middlewares\\validateRequest.middleware.ts": {"lines":{"total":10,"covered":7,"skipped":0,"pct":70},"functions":{"total":4,"covered":2,"skipped":0,"pct":50},"statements":{"total":11,"covered":7,"skipped":0,"pct":63.63},"branches":{"total":0,"covered":0,"skipped":0,"pct":100}}
,"C:\\Users\\mehdi\\Documents\\dev\\doctime\\doctime-api\\src\\repositories\\appointment.repo.ts": {"lines":{"total":29,"covered":0,"skipped":0,"pct":0},"functions":{"total":17,"covered":0,"skipped":0,"pct":0},"statements":{"total":34,"covered":0,"skipped":0,"pct":0},"branches":{"total":11,"covered":0,"skipped":0,"pct":0}}
,"C:\\Users\\mehdi\\Documents\\dev\\doctime\\doctime-api\\src\\repositories\\auth.repo.ts": {"lines":{"total":130,"covered":36,"skipped":0,"pct":27.69},"functions":{"total":24,"covered":11,"skipped":0,"pct":45.83},"statements":{"total":135,"covered":38,"skipped":0,"pct":28.14},"branches":{"total":42,"covered":17,"skipped":0,"pct":40.47}}
,"C:\\Users\\mehdi\\Documents\\dev\\doctime\\doctime-api\\src\\repositories\\doctor.repo.ts": {"lines":{"total":37,"covered":0,"skipped":0,"pct":0},"functions":{"total":21,"covered":0,"skipped":0,"pct":0},"statements":{"total":42,"covered":0,"skipped":0,"pct":0},"branches":{"total":11,"covered":0,"skipped":0,"pct":0}}
,"C:\\Users\\mehdi\\Documents\\dev\\doctime\\doctime-api\\src\\repositories\\patient.repo.ts": {"lines":{"total":33,"covered":0,"skipped":0,"pct":0},"functions":{"total":19,"covered":0,"skipped":0,"pct":0},"statements":{"total":38,"covered":0,"skipped":0,"pct":0},"branches":{"total":11,"covered":0,"skipped":0,"pct":0}}
,"C:\\Users\\mehdi\\Documents\\dev\\doctime\\doctime-api\\src\\routes\\v1\\appointments.route.ts": {"lines":{"total":9,"covered":9,"skipped":0,"pct":100},"functions":{"total":5,"covered":0,"skipped":0,"pct":0},"statements":{"total":9,"covered":9,"skipped":0,"pct":100},"branches":{"total":0,"covered":0,"skipped":0,"pct":100}}
,"C:\\Users\\mehdi\\Documents\\dev\\doctime\\doctime-api\\src\\routes\\v1\\auth.route.ts": {"lines":{"total":64,"covered":26,"skipped":0,"pct":40.62},"functions":{"total":21,"covered":7,"skipped":0,"pct":33.33},"statements":{"total":76,"covered":28,"skipped":0,"pct":36.84},"branches":{"total":25,"covered":11,"skipped":0,"pct":44}}
,"C:\\Users\\mehdi\\Documents\\dev\\doctime\\doctime-api\\src\\routes\\v1\\doctors.route.ts": {"lines":{"total":10,"covered":10,"skipped":0,"pct":100},"functions":{"total":6,"covered":0,"skipped":0,"pct":0},"statements":{"total":10,"covered":10,"skipped":0,"pct":100},"branches":{"total":0,"covered":0,"skipped":0,"pct":100}}
,"C:\\Users\\mehdi\\Documents\\dev\\doctime\\doctime-api\\src\\routes\\v1\\index.ts": {"lines":{"total":18,"covered":18,"skipped":0,"pct":100},"functions":{"total":2,"covered":2,"skipped":0,"pct":100},"statements":{"total":18,"covered":18,"skipped":0,"pct":100},"branches":{"total":7,"covered":6,"skipped":0,"pct":85.71}}
,"C:\\Users\\mehdi\\Documents\\dev\\doctime\\doctime-api\\src\\routes\\v1\\patients.route.ts": {"lines":{"total":10,"covered":10,"skipped":0,"pct":100},"functions":{"total":6,"covered":0,"skipped":0,"pct":0},"statements":{"total":10,"covered":10,"skipped":0,"pct":100},"branches":{"total":0,"covered":0,"skipped":0,"pct":100}}
,"C:\\Users\\mehdi\\Documents\\dev\\doctime\\doctime-api\\src\\schemas\\auth.schema.ts": {"lines":{"total":11,"covered":11,"skipped":0,"pct":100},"functions":{"total":1,"covered":1,"skipped":0,"pct":100},"statements":{"total":11,"covered":11,"skipped":0,"pct":100},"branches":{"total":0,"covered":0,"skipped":0,"pct":100}}
,"C:\\Users\\mehdi\\Documents\\dev\\doctime\\doctime-api\\src\\services\\mail.service.ts": {"lines":{"total":10,"covered":7,"skipped":0,"pct":70},"functions":{"total":9,"covered":5,"skipped":0,"pct":55.55},"statements":{"total":15,"covered":7,"skipped":0,"pct":46.66},"branches":{"total":11,"covered":8,"skipped":0,"pct":72.72}}
,"C:\\Users\\mehdi\\Documents\\dev\\doctime\\doctime-api\\src\\services\\prisma.service.ts": {"lines":{"total":13,"covered":8,"skipped":0,"pct":61.53},"functions":{"total":0,"covered":0,"skipped":0,"pct":100},"statements":{"total":13,"covered":8,"skipped":0,"pct":61.53},"branches":{"total":6,"covered":2,"skipped":0,"pct":33.33}}
,"C:\\Users\\mehdi\\Documents\\dev\\doctime\\doctime-api\\src\\types\\auth.types.ts": {"lines":{"total":1,"covered":0,"skipped":0,"pct":0},"functions":{"total":0,"covered":0,"skipped":0,"pct":100},"statements":{"total":1,"covered":0,"skipped":0,"pct":0},"branches":{"total":0,"covered":0,"skipped":0,"pct":100}}
,"C:\\Users\\mehdi\\Documents\\dev\\doctime\\doctime-api\\src\\utils\\HTTPStatusCodes.ts": {"lines":{"total":64,"covered":64,"skipped":0,"pct":100},"functions":{"total":1,"covered":1,"skipped":0,"pct":100},"statements":{"total":64,"covered":64,"skipped":0,"pct":100},"branches":{"total":2,"covered":2,"skipped":0,"pct":100}}
,"C:\\Users\\mehdi\\Documents\\dev\\doctime\\doctime-api\\src\\utils\\ResponseHandler.ts": {"lines":{"total":16,"covered":7,"skipped":0,"pct":43.75},"functions":{"total":8,"covered":1,"skipped":0,"pct":12.5},"statements":{"total":16,"covered":7,"skipped":0,"pct":43.75},"branches":{"total":13,"covered":6,"skipped":0,"pct":46.15}}
,"C:\\Users\\mehdi\\Documents\\dev\\doctime\\doctime-api\\src\\utils\\jwtHandler.ts": {"lines":{"total":19,"covered":15,"skipped":0,"pct":78.94},"functions":{"total":5,"covered":1,"skipped":0,"pct":20},"statements":{"total":19,"covered":15,"skipped":0,"pct":78.94},"branches":{"total":7,"covered":7,"skipped":0,"pct":100}}
,"C:\\Users\\mehdi\\Documents\\dev\\doctime\\doctime-api\\src\\utils\\truncateDB.ts": {"lines":{"total":25,"covered":22,"skipped":0,"pct":88},"functions":{"total":10,"covered":9,"skipped":0,"pct":90},"statements":{"total":30,"covered":24,"skipped":0,"pct":80},"branches":{"total":22,"covered":20,"skipped":0,"pct":90.9}}
,"C:\\Users\\mehdi\\Documents\\dev\\doctime\\doctime-api\\src\\utils\\winston.ts": {"lines":{"total":7,"covered":7,"skipped":0,"pct":100},"functions":{"total":1,"covered":1,"skipped":0,"pct":100},"statements":{"total":7,"covered":7,"skipped":0,"pct":100},"branches":{"total":7,"covered":7,"skipped":0,"pct":100}}
}
